This is e-pTeX, Version 3.14159265-p3.7.1-161114-2.6 (utf8.euc) (TeX Live 2017) (preloaded format=platex 2018.10.17)  13 JUN 2019 00:53
entering extended mode
 restricted \write18 enabled.
 file:line:error style messages enabled.
 %&-line parsing enabled.
**kadai.tex
(./kadai.tex
pLaTeX2e <2017/10/28>+4 (based on LaTeX2e <2017-04-15>)
Babel <3.17> and hyphenation patterns for 84 language(s) loaded.

(/Applications/TeXLive/Library/texlive/2017/texmf-dist/tex/platex/jsclasses/jsa
rticle.cls
Document Class: jsarticle 2017/10/04 jsclasses (okumura, texjporg)
\jsc@mpt=\dimen118
\jsc@mmm=\dimen119
\jsc@smallskipamount=\skip41
LaTeX Info: Redefining \rmfamily on input line 471.
LaTeX Info: Redefining \sffamily on input line 474.
LaTeX Info: Redefining \ttfamily on input line 477.
LaTeX Info: Redefining \textmc on input line 481.
LaTeX Info: Redefining \textgt on input line 483.
\symmincho=\mathgroup4
LaTeX Font Info:    Overwriting symbol font `mincho' in version `bold'
(Font)                  JY1/mc/m/n --> JY1/gt/m/n on input line 545.
LaTeX Font Info:    Font shape `JT1/mc/m/n' will be
(Font)              scaled to size 9.60999pt on input line 736.
LaTeX Font Info:    Font shape `JY1/mc/m/n' will be
(Font)              scaled to size 9.60999pt on input line 736.
\fullwidth=\dimen120
LaTeX Font Info:    Font shape `JT1/mc/m/n' will be
(Font)              scaled to size 7.68799pt on input line 889.
LaTeX Font Info:    Font shape `JY1/mc/m/n' will be
(Font)              scaled to size 7.68799pt on input line 889.
\c@part=\count82
\c@section=\count83
\c@subsection=\count84
\c@subsubsection=\count85
\c@paragraph=\count86
\c@subparagraph=\count87
\@abstractbox=\box42
\c@figure=\count88
\c@table=\count89
\abovecaptionskip=\skip42
\belowcaptionskip=\skip43
\jsc@tocl@width=\dimen121
\@lnumwidth=\dimen122
\bibindent=\dimen123

(/Applications/TeXLive/Library/texlive/2017/texmf-dist/tex/platex/jsclasses/jsl
ogo.sty
Package: jslogo 2017/02/24 okumura, texjporg
LaTeX Info: Redefining \TeX on input line 94.
LaTeX Info: Redefining \LaTeX on input line 147.
LaTeX Info: Redefining \LaTeXe on input line 200.
)
\heisei=\count90
) (./kadai.aux)
\openout1 = `kadai.aux'.

LaTeX Font Info:    Checking defaults for OML/cmm/m/it on input line 3.
LaTeX Font Info:    ... okay on input line 3.
LaTeX Font Info:    Checking defaults for T1/cmr/m/n on input line 3.
LaTeX Font Info:    ... okay on input line 3.
LaTeX Font Info:    Checking defaults for OT1/cmr/m/n on input line 3.
LaTeX Font Info:    ... okay on input line 3.
LaTeX Font Info:    Checking defaults for OMS/cmsy/m/n on input line 3.
LaTeX Font Info:    ... okay on input line 3.
LaTeX Font Info:    Checking defaults for OMX/cmex/m/n on input line 3.
LaTeX Font Info:    ... okay on input line 3.
LaTeX Font Info:    Checking defaults for U/cmr/m/n on input line 3.
LaTeX Font Info:    ... okay on input line 3.
LaTeX Font Info:    Checking defaults for JY1/mc/m/n on input line 3.
LaTeX Font Info:    ... okay on input line 3.
LaTeX Font Info:    Checking defaults for JT1/mc/m/n on input line 3.
LaTeX Font Info:    ... okay on input line 3.
LaTeX Font Info:    External font `cmex10' loaded for size
(Font)              <7> on input line 5.
LaTeX Font Info:    External font `cmex10' loaded for size
(Font)              <5> on input line 5.
LaTeX Font Info:    Font shape `JY1/mc/m/n' will be
(Font)              scaled to size 6.72699pt on input line 5.
LaTeX Font Info:    Font shape `JY1/mc/m/n' will be
(Font)              scaled to size 4.805pt on input line 5.

./kadai.tex:23: Missing $ inserted.
<inserted text> 
                $
l.23  Forward_
              erase
? 
./kadai.tex:40: Missing $ inserted.
<inserted text> 
                $
l.40 
     
? 
./kadai.tex:51: Missing $ inserted.
<inserted text> 
                $
l.51 Marix_
           5 =
? 
./kadai.tex:68: Missing $ inserted.
<inserted text> 
                $
l.68 
     
? 

Underfull \hbox (badness 1527) in paragraph at lines 51--68
\OT1/cmr/m/n/10 5.00e+00 -1.00e+00 -1.00e+00 0.00e+00 0.00e+00 0.00e+00| |-1.00
e+00 -1.00e+00 5.00e+00
 []


Underfull \hbox (badness 1107) in paragraph at lines 51--68
\OT1/cmr/m/n/10 -1.00e+00 -1.00e+00 0.00e+00 0.00e+00| |0.00e+00 -1.00e+00 -1.0
0e+00 5.00e+00 -1.00e+00
 []

./kadai.tex:70: Missing $ inserted.
<inserted text> 
                $
l.70  Forward_
              erase
? 
./kadai.tex:87: Missing $ inserted.
<inserted text> 
                $
l.87 
     
? 

Underfull \hbox (badness 1527) in paragraph at lines 69--87
\OT1/cmr/m/n/10 4.50e+00 -1.25e+00 -1.00e+00 0.00e+00 0.00e+00| |0.00e+00 -1.00
e+00 -1.25e+00 4.44e+00
 []


Underfull \hbox (badness 1107) in paragraph at lines 69--87
\OT1/cmr/m/n/10 -1.28e+00 -1.00e+00 0.00e+00| |0.00e+00 0.00e+00 -1.00e+00 -1.2
8e+00 4.41e+00 -1.29e+00
 []


Underfull \hbox (badness 2735) in paragraph at lines 69--87
\OT1/cmr/m/n/10 0.00e+00 0.00e+00 0.00e+00 -1.00e+00 -1.29e+00 4.39e+00|$\OMS/c
msy/m/n/10 ^^@ ^^@ ^^@ ^^@ ^^@ ^^@ ^^@ ^^@ ^^@ ^^@ ^^@ ^^@
 []


Underfull \hbox (badness 1796) in paragraph at lines 69--87
\OMS/cmsy/m/n/10 ^^@ ^^@ ^^@ ^^@ ^^@ ^^@ \OML/cmm/m/it/10 Backward[]ub$\OT1/cmr
/m/n/10 |1.0000000000e+00| |1.0000000000e+00| |1.0000000000e+00|
 []

[1

] (./kadai.aux) ) 
Here is how much of TeX's memory you used:
 430 strings out of 493638
 4609 string characters out of 6141725
 65608 words of memory out of 5000000
 4110 multiletter control sequences out of 15000+600000
 8556 words of font info for 38 fonts, out of 8000000 for 9000
 934 hyphenation exceptions out of 8191
 23i,4n,19p,157b,164s stack positions out of 5000i,500n,10000p,200000b,80000s

Output written on kadai.dvi (1 page, 3956 bytes).
